#
# There is insufficient memory for the Java Runtime Environment to continue.
# Native memory allocation (malloc) failed to allocate 1048576 bytes for AllocateHeap
# Possible reasons:
#   The system is out of physical RAM or swap space
#   The process is running with CompressedOops enabled, and the Java Heap may be blocking the growth of the native heap
# Possible solutions:
#   Reduce memory load on the system
#   Increase physical memory or swap space
#   Check if swap backing store is full
#   Decrease Java heap size (-Xmx/-Xms)
#   Decrease number of Java threads
#   Decrease Java thread stack sizes (-Xss)
#   Set larger code cache with -XX:ReservedCodeCacheSize=
# This output file may be truncated or incomplete.
#
#  Out of Memory Error (./src/hotspot/share/memory/allocation.cpp:46), pid=16020, tid=15752
#
# JRE version:  (11.0.10) (build )
# Java VM: OpenJDK 64-Bit Server VM (11.0.10+0-b96-7249189, mixed mode, sharing, tiered, compressed oops, g1 gc, windows-amd64)
# No core dump will be written. Minidumps are not enabled by default on client versions of Windows
#

---------------  S U M M A R Y ------------

Command Line: org.jetbrains.kotlin.cli.jvm.K2JVMCompiler @D:\AndroidStudioProjects\InspirationApp\app\build\20220223_6430699378462189556.compiler.options

Host: Intel(R) Core(TM) i5-8265U CPU @ 1.60GHz, 8 cores, 7G,  Windows 10 , 64 bit Build 17763 (10.0.17763.475)
Time: Wed Feb 23 18:11:21 2022 RTZ 2 (ceia) elapsed time: 0.007556 seconds (0d 0h 0m 0s)

---------------  T H R E A D  ---------------

Current thread (0x000001f74149c800):  JavaThread "Unknown thread" [_thread_in_vm, id=15752, stack(0x0000001d88700000,0x0000001d88800000)]

Stack: [0x0000001d88700000,0x0000001d88800000]
Native frames: (J=compiled Java code, j=interpreted, Vv=VM code, C=native code)
V  [jvm.dll+0x5ecfaa]
V  [jvm.dll+0x722bd5]
V  [jvm.dll+0x72412d]
V  [jvm.dll+0x7247e3]
V  [jvm.dll+0x242928]
V  [jvm.dll+0xb39a4]
V  [jvm.dll+0x2e08f7]
V  [jvm.dll+0x2d99fa]
V  [jvm.dll+0x701737]
V  [jvm.dll+0x702f2c]
V  [jvm.dll+0x3587d9]
V  [jvm.dll+0x6e4fae]
V  [jvm.dll+0x3c0be3]
V  [jvm.dll+0x3c2e91]
C  [jli.dll+0x5373]
C  [ucrtbase.dll+0x21ffa]
C  [KERNEL32.DLL+0x17974]
C  [ntdll.dll+0x6a271]


---------------  P R O C E S S  ---------------

Threads class SMR info:
_java_thread_list=0x000001f73f3b6f10, length=0, elements={
}

Java Threads: ( => current thread )

Other Threads:
  0x000001f7414b3000 GCTaskThread "GC Thread#0" [stack: 0x0000001d88800000,0x0000001d88900000] [id=8652]

[error occurred during error reporting (printing all threads), id 0xc0000005, EXCEPTION_ACCESS_VIOLATION (0xc0000005) at pc=0x00007ffabc3c5ec0]

VM state:not at safepoint (not fully initialized)

VM Mutex/Monitor currently owned by a thread:  ([mutex/lock_event])
[0x000001f74149a760] Heap_lock - owner thread: 0x000001f74149c800

Heap address: 0x0000000082600000, size: 2010 MB, Compressed Oops mode: Non-zero based: 0x0000000082600000
Narrow klass base: 0x0000000000000000, Narrow klass shift: 0

GC Heap History (0 events):
No events

Deoptimization events (0 events):
No events

Classes redefined (0 events):
No events

Internal exceptions (0 events):
No events

Events (1 events):
Event: 0.005 Loaded shared library D:\Android\Studio\jre\bin\zip.dll


Dynamic libraries:
0x00007ff6e6950000 - 0x00007ff6e695a000 	D:\Android\Studio\jre\bin\java.exe
0x00007ffb02db0000 - 0x00007ffb02f9d000 	C:\Windows\SYSTEM32\ntdll.dll
0x00007ffb02ae0000 - 0x00007ffb02b93000 	C:\Windows\System32\KERNEL32.DLL
0x00007ffaffc10000 - 0x00007ffaffea3000 	C:\Windows\System32\KERNELBASE.dll
0x00007ffaffeb0000 - 0x00007ffafffaa000 	C:\Windows\System32\ucrtbase.dll
0x00007ffaeed90000 - 0x00007ffaeeda7000 	D:\Android\Studio\jre\bin\VCRUNTIME140.dll
0x00007ffaef4e0000 - 0x00007ffaef4f9000 	D:\Android\Studio\jre\bin\jli.dll
0x00007ffb01f40000 - 0x00007ffb020d7000 	C:\Windows\System32\USER32.dll
0x00007ffae5990000 - 0x00007ffae5c09000 	C:\Windows\WinSxS\amd64_microsoft.windows.common-controls_6595b64144ccf1df_6.0.17763.615_none_05b4414a072024d4\COMCTL32.dll
0x00007ffafef20000 - 0x00007ffafef40000 	C:\Windows\System32\win32u.dll
0x00007ffb02a90000 - 0x00007ffb02ab9000 	C:\Windows\System32\GDI32.dll
0x00007ffb01a00000 - 0x00007ffb01a9e000 	C:\Windows\System32\msvcrt.dll
0x00007ffaff1d0000 - 0x00007ffaff369000 	C:\Windows\System32\gdi32full.dll
0x00007ffb02600000 - 0x00007ffb0292c000 	C:\Windows\System32\combase.dll
0x00007ffaffac0000 - 0x00007ffaffb60000 	C:\Windows\System32\msvcp_win.dll
0x00007ffb022a0000 - 0x00007ffb023c2000 	C:\Windows\System32\RPCRT4.dll
0x00007ffafeea0000 - 0x00007ffafef1e000 	C:\Windows\System32\bcryptPrimitives.dll
0x00007ffb025d0000 - 0x00007ffb025fe000 	C:\Windows\System32\IMM32.DLL
0x00007ffac5d30000 - 0x00007ffac5dcd000 	D:\Android\Studio\jre\bin\msvcp140.dll
0x00007ffabc0e0000 - 0x00007ffabcbaf000 	D:\Android\Studio\jre\bin\server\jvm.dll
0x00007ffb021f0000 - 0x00007ffb02293000 	C:\Windows\System32\ADVAPI32.dll
0x00007ffb01aa0000 - 0x00007ffb01b3e000 	C:\Windows\System32\sechost.dll
0x00007ffb02450000 - 0x00007ffb02458000 	C:\Windows\System32\PSAPI.DLL
0x00007ffae64e0000 - 0x00007ffae64e9000 	C:\Windows\SYSTEM32\WSOCK32.dll
0x00007ffaf5680000 - 0x00007ffaf568a000 	C:\Windows\SYSTEM32\VERSION.dll
0x00007ffaf4ff0000 - 0x00007ffaf5014000 	C:\Windows\SYSTEM32\WINMM.dll
0x00007ffafffb0000 - 0x00007ffb0001d000 	C:\Windows\System32\WS2_32.dll
0x00007ffaf4fc0000 - 0x00007ffaf4fed000 	C:\Windows\SYSTEM32\winmmbase.dll
0x00007ffaffbc0000 - 0x00007ffaffc0a000 	C:\Windows\System32\cfgmgr32.dll
0x00007ffafedd0000 - 0x00007ffafede1000 	C:\Windows\System32\kernel.appcore.dll
0x00007ffaf8280000 - 0x00007ffaf8291000 	D:\Android\Studio\jre\bin\verify.dll
0x00007ffafcbe0000 - 0x00007ffafcdcd000 	C:\Windows\SYSTEM32\DBGHELP.DLL
0x00007ffae5d60000 - 0x00007ffae5d8a000 	C:\Windows\SYSTEM32\dbgcore.DLL
0x00007ffaf7700000 - 0x00007ffaf7729000 	D:\Android\Studio\jre\bin\java.dll
0x00007ffaf7940000 - 0x00007ffaf794b000 	D:\Android\Studio\jre\bin\jimage.dll
0x00007ffaf7260000 - 0x00007ffaf7278000 	D:\Android\Studio\jre\bin\zip.dll

dbghelp: loaded successfully - version: 4.0.5 - missing functions: none
symbol engine: initialized successfully - sym options: 0x614 - pdb path: .;D:\Android\Studio\jre\bin;C:\Windows\SYSTEM32;C:\Windows\WinSxS\amd64_microsoft.windows.common-controls_6595b64144ccf1df_6.0.17763.615_none_05b4414a072024d4;D:\Android\Studio\jre\bin\server

VM Arguments:
java_command: org.jetbrains.kotlin.cli.jvm.K2JVMCompiler @D:\AndroidStudioProjects\InspirationApp\app\build\20220223_6430699378462189556.compiler.options
java_class_path (initial): C:\Users\79527\.gradle\caches\modules-2\files-2.1\org.jetbrains.kotlin\kotlin-compiler-embeddable\1.6.10\88f2073f4020cdb83132cfe940ceb9a60aba54ea\kotlin-compiler-embeddable-1.6.10.jar;C:\Users\79527\.gradle\caches\modules-2\files-2.1\org.jetbrains.kotlin\kotlin-reflect\1.6.10\1cbe9c92c12a94eea200d23c2bbaedaf3daf5132\kotlin-reflect-1.6.10.jar;C:\Users\79527\.gradle\caches\modules-2\files-2.1\org.jetbrains.kotlin\kotlin-stdlib\1.6.10\b8af3fe6f1ca88526914929add63cf5e7c5049af\kotlin-stdlib-1.6.10.jar;C:\Users\79527\.gradle\caches\modules-2\files-2.1\org.jetbrains.kotlin\kotlin-script-runtime\1.6.10\d0a7ff2e2500ef497ed0214ae40ad3c8387a6164\kotlin-script-runtime-1.6.10.jar;C:\Users\79527\.gradle\caches\modules-2\files-2.1\org.jetbrains.kotlin\kotlin-daemon-embeddable\1.6.10\a56d79bcbea411fa6058e4ecffc2de73e742bd2a\kotlin-daemon-embeddable-1.6.10.jar;C:\Users\79527\.gradle\caches\modules-2\files-2.1\org.jetbrains.intellij.deps\trove4j\1.0.20181211\216c2e14b070f334479d800987affe4054cd563f\trove4j-1.0.20181211.jar;C:\Users\79527\.gradle\caches\modules-2\files-2.1\net.java.dev.jna\jna\5.6.0\330f2244e9030119ab3030fc3fededc86713d9cc\jna-5.6.0.jar;C:\Users\79527\.gradle\caches\modules-2\files-2.1\org.jetbrains\annotations\13.0\919f0dfe192fb4e063e7dacadee7f8bb9a2672a9\annotations-13.0.jar;C:\Users\79527\.gradle\caches\modules-2\files-2.1\org.jetbrains.kotlin\kotlin-stdlib-common\1.6.10\c118700e3a33c8a0d9adc920e9dec0831171925\kotlin-stdlib-common-1.6.10.jar
Launcher Type: SUN_STANDARD

[Global flags]
     intx CICompilerCount                          = 4                                         {product} {ergonomic}
     uint ConcGCThreads                            = 2                                         {product} {ergonomic}
     uint G1ConcRefinementThreads                  = 8                                         {product} {ergonomic}
   size_t G1HeapRegionSize                         = 1048576                                   {product} {ergonomic}
    uintx GCDrainStackTargetSize                   = 64                                        {product} {ergonomic}
   size_t InitialHeapSize                          = 132120576                                 {product} {ergonomic}
   size_t MarkStackSize                            = 4194304                                   {product} {ergonomic}
   size_t MaxHeapSize                              = 2107637760                                {product} {ergonomic}
   size_t MinHeapDeltaBytes                        = 1048576                                   {product} {ergonomic}
    uintx NonNMethodCodeHeapSize                   = 5836300                                {pd product} {ergonomic}
    uintx NonProfiledCodeHeapSize                  = 122910970                              {pd product} {ergonomic}
    uintx ProfiledCodeHeapSize                     = 122910970                              {pd product} {ergonomic}
    uintx ReservedCodeCacheSize                    = 251658240                              {pd product} {ergonomic}
     bool SegmentedCodeCache                       = true                                      {product} {ergonomic}
     bool UseCompressedClassPointers               = true                                 {lp64_product} {ergonomic}
     bool UseCompressedOops                        = true                                 {lp64_product} {ergonomic}
     bool UseG1GC                                  = true                                      {product} {ergonomic}
     bool UseLargePagesIndividualAllocation        = false                                  {pd product} {ergonomic}

Logging:
Log output configuration:
 #0: stdout all=warning uptime,level,tags
 #1: stderr all=off uptime,level,tags

Environment Variables:
PATH=C:\ProgramData\Oracle\Java\javapath;C:\Program Files\AdoptOpenJDK\jdk-11.0.8.10-hotspot\bin;C:\Windows\system32;C:\Windows;C:\Windows\System32\Wbem;C:\Windows\System32\WindowsPowerShell\v1.0\;C:\Windows\System32\OpenSSH\;C:\Program Files\Intel\WiFi\bin\;C:\Program Files\Common Files\Intel\WirelessCommon\;C:\Program Files\Java\jdk1.8.0_221\bin;D:\TDM-GCC-64\bin;D:\Spark\bin;D:\Git\cmd;C:\Programs\cmder;C:\Users\79527\AppData\Local\Programs\Python\Python39\Scripts\;C:\Users\79527\AppData\Local\Programs\Python\Python39\;C:\Program Files\mingw-w64\x86_64-8.1.0-win32-seh-rt_v6-rev0\mingw64\bin;D:\IntelliJ IDEA Community Edition 2021.2.2\bin;D:\PyCharm\PyCharm Community Edition 2020.3.2\bin;D:\Microsoft VS Code\bin;D:\Android\Sdk\platform-tools;
USERNAME=Andrew
OS=Windows_NT
PROCESSOR_IDENTIFIER=Intel64 Family 6 Model 142 Stepping 11, GenuineIntel



---------------  S Y S T E M  ---------------

OS: Windows 10 , 64 bit Build 17763 (10.0.17763.475)
OS uptime: 0 days 8:58 hours

CPU:total 8 (initial active 8) (4 cores per cpu, 2 threads per core) family 6 model 142 stepping 11 microcode 0xa4, cmov, cx8, fxsr, mmx, sse, sse2, sse3, ssse3, sse4.1, sse4.2, popcnt, avx, avx2, aes, clmul, erms, 3dnowpref, lzcnt, ht, tsc, tscinvbit, bmi1, bmi2, adx, fma

Memory: 4k page, system-wide physical 8037M (486M free)
TotalPageFile size 10487M (AvailPageFile size 4M)
current process WorkingSet (physical memory assigned to process): 9M, peak: 9M
current process commit charge ("private bytes"): 51M, peak: 52M

vm_info: OpenJDK 64-Bit Server VM (11.0.10+0-b96-7249189) for windows-amd64 JRE (11.0.10+0-b96-7249189), built on Mar 31 2021 21:44:00 by "builder" with MS VC++ 14.0 (VS2015)

END.
