#
# There is insufficient memory for the Java Runtime Environment to continue.
# Native memory allocation (mmap) failed to map 132120576 bytes for Failed to commit area from 0x0000000082600000 to 0x000000008a400000 of length 132120576.
# Possible reasons:
#   The system is out of physical RAM or swap space
#   The process is running with CompressedOops enabled, and the Java Heap may be blocking the growth of the native heap
# Possible solutions:
#   Reduce memory load on the system
#   Increase physical memory or swap space
#   Check if swap backing store is full
#   Decrease Java heap size (-Xmx/-Xms)
#   Decrease number of Java threads
#   Decrease Java thread stack sizes (-Xss)
#   Set larger code cache with -XX:ReservedCodeCacheSize=
# This output file may be truncated or incomplete.
#
#  Out of Memory Error (./src/hotspot/os/windows/os_windows.cpp:3301), pid=13696, tid=12720
#
# JRE version:  (11.0.10) (build )
# Java VM: OpenJDK 64-Bit Server VM (11.0.10+0-b96-7249189, mixed mode, sharing, tiered, compressed oops, g1 gc, windows-amd64)
# No core dump will be written. Minidumps are not enabled by default on client versions of Windows
#

---------------  S U M M A R Y ------------

Command Line: org.jetbrains.git4idea.http.GitAskPassApp Username for 'https://github.com': 

Host: Intel(R) Core(TM) i5-8265U CPU @ 1.60GHz, 8 cores, 7G,  Windows 10 , 64 bit Build 17763 (10.0.17763.475)
Time: Thu Feb 24 18:19:32 2022 RTZ 2 (ceia) elapsed time: 0.009019 seconds (0d 0h 0m 0s)

---------------  T H R E A D  ---------------

Current thread (0x000002559808c000):  JavaThread "Unknown thread" [_thread_in_vm, id=12720, stack(0x000000fe06600000,0x000000fe06700000)]

Stack: [0x000000fe06600000,0x000000fe06700000]
Native frames: (J=compiled Java code, j=interpreted, Vv=VM code, C=native code)
V  [jvm.dll+0x5ecfaa]
V  [jvm.dll+0x722bd5]
V  [jvm.dll+0x72412d]
V  [jvm.dll+0x7247e3]
V  [jvm.dll+0x242928]
V  [jvm.dll+0x5ea374]
V  [jvm.dll+0x5df425]
V  [jvm.dll+0x2fdebb]
V  [jvm.dll+0x2fde2a]
V  [jvm.dll+0x2fdd02]
V  [jvm.dll+0x302bf6]
V  [jvm.dll+0x34b2a3]
V  [jvm.dll+0x34b9a6]
V  [jvm.dll+0x34b3a3]
V  [jvm.dll+0x2d8888]
V  [jvm.dll+0x2d9a37]
V  [jvm.dll+0x701737]
V  [jvm.dll+0x702f2c]
V  [jvm.dll+0x3587d9]
V  [jvm.dll+0x6e4fae]
V  [jvm.dll+0x3c0be3]
V  [jvm.dll+0x3c2e91]
C  [jli.dll+0x5373]
C  [ucrtbase.dll+0x21ffa]
C  [KERNEL32.DLL+0x17974]
C  [ntdll.dll+0x6a271]


---------------  P R O C E S S  ---------------

Threads class SMR info:
_java_thread_list=0x0000025595ea4000, length=0, elements={
}

Java Threads: ( => current thread )

Other Threads:
  0x00000255980a2800 GCTaskThread "GC Thread#0" [stack: 0x000000fe06700000,0x000000fe06800000] [id=4140]
  0x00000255980d6800 ConcurrentGCThread "G1 Main Marker" [stack: 0x000000fe06800000,0x000000fe06900000] [id=3504]
  0x00000255980d7800 ConcurrentGCThread "G1 Conc#0" [stack: 0x000000fe06900000,0x000000fe06a00000] [id=2648]

[error occurred during error reporting (printing all threads), id 0xc0000005, EXCEPTION_ACCESS_VIOLATION (0xc0000005) at pc=0x00007ff818909107]

VM state:not at safepoint (not fully initialized)

VM Mutex/Monitor currently owned by a thread:  ([mutex/lock_event])
[0x000002559808b5e0] Heap_lock - owner thread: 0x000002559808c000

Heap address: 0x0000000082600000, size: 2010 MB, Compressed Oops mode: Non-zero based: 0x0000000082600000
Narrow klass base: 0x0000000000000000, Narrow klass shift: 0

GC Heap History (0 events):
No events

Deoptimization events (0 events):
No events

Classes redefined (0 events):
No events

Internal exceptions (0 events):
No events

Events (1 events):
Event: 0.005 Loaded shared library D:\Android\Studio\jre\bin\zip.dll


Dynamic libraries:
0x00007ff6f8980000 - 0x00007ff6f898a000 	D:\Android\Studio\jre\bin\java.exe
0x00007ff87b8d0000 - 0x00007ff87babd000 	C:\Windows\SYSTEM32\ntdll.dll
0x00007ff87b7b0000 - 0x00007ff87b863000 	C:\Windows\System32\KERNEL32.DLL
0x00007ff877b90000 - 0x00007ff877e23000 	C:\Windows\System32\KERNELBASE.dll
0x00007ff8779c0000 - 0x00007ff877aba000 	C:\Windows\System32\ucrtbase.dll
0x00007ff84bc10000 - 0x00007ff84bc29000 	D:\Android\Studio\jre\bin\jli.dll
0x00007ff868010000 - 0x00007ff868027000 	D:\Android\Studio\jre\bin\VCRUNTIME140.dll
0x00007ff87b5b0000 - 0x00007ff87b747000 	C:\Windows\System32\USER32.dll
0x00007ff860040000 - 0x00007ff8602b9000 	C:\Windows\WinSxS\amd64_microsoft.windows.common-controls_6595b64144ccf1df_6.0.17763.615_none_05b4414a072024d4\COMCTL32.dll
0x00007ff877b70000 - 0x00007ff877b90000 	C:\Windows\System32\win32u.dll
0x00007ff87b260000 - 0x00007ff87b289000 	C:\Windows\System32\GDI32.dll
0x00007ff87b290000 - 0x00007ff87b32e000 	C:\Windows\System32\msvcrt.dll
0x00007ff877e80000 - 0x00007ff878019000 	C:\Windows\System32\gdi32full.dll
0x00007ff878cb0000 - 0x00007ff878fdc000 	C:\Windows\System32\combase.dll
0x00007ff878a30000 - 0x00007ff878ad0000 	C:\Windows\System32\msvcp_win.dll
0x00007ff878ad0000 - 0x00007ff878bf2000 	C:\Windows\System32\RPCRT4.dll
0x00007ff8789b0000 - 0x00007ff878a2e000 	C:\Windows\System32\bcryptPrimitives.dll
0x00007ff87b1b0000 - 0x00007ff87b1de000 	C:\Windows\System32\IMM32.DLL
0x00007ff823a80000 - 0x00007ff823b1d000 	D:\Android\Studio\jre\bin\msvcp140.dll
0x00007ff818620000 - 0x00007ff8190ef000 	D:\Android\Studio\jre\bin\server\jvm.dll
0x00007ff878c00000 - 0x00007ff878ca3000 	C:\Windows\System32\ADVAPI32.dll
0x00007ff87b330000 - 0x00007ff87b3ce000 	C:\Windows\System32\sechost.dll
0x00007ff87b1a0000 - 0x00007ff87b1a8000 	C:\Windows\System32\PSAPI.DLL
0x00007ff85fc50000 - 0x00007ff85fc59000 	C:\Windows\SYSTEM32\WSOCK32.dll
0x00007ff86f060000 - 0x00007ff86f084000 	C:\Windows\SYSTEM32\WINMM.dll
0x00007ff87a8d0000 - 0x00007ff87a93d000 	C:\Windows\System32\WS2_32.dll
0x00007ff86fa20000 - 0x00007ff86fa2a000 	C:\Windows\SYSTEM32\VERSION.dll
0x00007ff86eab0000 - 0x00007ff86eadd000 	C:\Windows\SYSTEM32\winmmbase.dll
0x00007ff877e30000 - 0x00007ff877e7a000 	C:\Windows\System32\cfgmgr32.dll
0x00007ff877970000 - 0x00007ff877981000 	C:\Windows\System32\kernel.appcore.dll
0x00007ff8726e0000 - 0x00007ff8726f1000 	D:\Android\Studio\jre\bin\verify.dll
0x00007ff8605a0000 - 0x00007ff86078d000 	C:\Windows\SYSTEM32\DBGHELP.DLL
0x00007ff85fc00000 - 0x00007ff85fc2a000 	C:\Windows\SYSTEM32\dbgcore.DLL
0x00007ff866f50000 - 0x00007ff866f79000 	D:\Android\Studio\jre\bin\java.dll
0x00007ff873490000 - 0x00007ff87349b000 	D:\Android\Studio\jre\bin\jimage.dll
0x00007ff8720b0000 - 0x00007ff8720c8000 	D:\Android\Studio\jre\bin\zip.dll

dbghelp: loaded successfully - version: 4.0.5 - missing functions: none
symbol engine: initialized successfully - sym options: 0x614 - pdb path: .;D:\Android\Studio\jre\bin;C:\Windows\SYSTEM32;C:\Windows\WinSxS\amd64_microsoft.windows.common-controls_6595b64144ccf1df_6.0.17763.615_none_05b4414a072024d4;D:\Android\Studio\jre\bin\server

VM Arguments:
java_command: org.jetbrains.git4idea.http.GitAskPassApp Username for 'https://github.com': 
java_class_path (initial): D:/Android/Studio/plugins/git4idea/lib/git4idea-rt.jar;D:/Android/Studio/lib/xmlrpc-2.0.1.jar;D:/Android/Studio/lib/commons-codec-1.14.jar
Launcher Type: SUN_STANDARD

[Global flags]
     intx CICompilerCount                          = 4                                         {product} {ergonomic}
     uint ConcGCThreads                            = 2                                         {product} {ergonomic}
     uint G1ConcRefinementThreads                  = 8                                         {product} {ergonomic}
   size_t G1HeapRegionSize                         = 1048576                                   {product} {ergonomic}
    uintx GCDrainStackTargetSize                   = 64                                        {product} {ergonomic}
   size_t InitialHeapSize                          = 132120576                                 {product} {ergonomic}
   size_t MarkStackSize                            = 4194304                                   {product} {ergonomic}
   size_t MaxHeapSize                              = 2107637760                                {product} {ergonomic}
   size_t MinHeapDeltaBytes                        = 1048576                                   {product} {ergonomic}
    uintx NonNMethodCodeHeapSize                   = 5836300                                {pd product} {ergonomic}
    uintx NonProfiledCodeHeapSize                  = 122910970                              {pd product} {ergonomic}
    uintx ProfiledCodeHeapSize                     = 122910970                              {pd product} {ergonomic}
    uintx ReservedCodeCacheSize                    = 251658240                              {pd product} {ergonomic}
     bool SegmentedCodeCache                       = true                                      {product} {ergonomic}
     bool UseCompressedClassPointers               = true                                 {lp64_product} {ergonomic}
     bool UseCompressedOops                        = true                                 {lp64_product} {ergonomic}
     bool UseG1GC                                  = true                                      {product} {ergonomic}
     bool UseLargePagesIndividualAllocation        = false                                  {pd product} {ergonomic}

Logging:
Log output configuration:
 #0: stdout all=warning uptime,level,tags
 #1: stderr all=off uptime,level,tags

Environment Variables:
PATH=D:\Git\mingw64\libexec\git-core;D:\Git\mingw64\libexec\git-core;D:\Git\mingw64\bin;D:\Git\usr\bin;C:\Users\79527\bin;C:\ProgramData\Oracle\Java\javapath;C:\Program Files\AdoptOpenJDK\jdk-11.0.8.10-hotspot\bin;C:\Windows\system32;C:\Windows;C:\Windows\System32\Wbem;C:\Windows\System32\WindowsPowerShell\v1.0;C:\Windows\System32\OpenSSH;C:\Program Files\Intel\WiFi\bin;C:\Program Files\Common Files\Intel\WirelessCommon;C:\Program Files\Java\jdk1.8.0_221\bin;D:\TDM-GCC-64\bin;D:\Spark\bin;D:\Git\cmd;C:\Programs\cmder;C:\Users\79527\AppData\Local\Programs\Python\Python39\Scripts;C:\Users\79527\AppData\Local\Programs\Python\Python39;C:\Program Files\mingw-w64\x86_64-8.1.0-win32-seh-rt_v6-rev0\mingw64\bin;D:\IntelliJ IDEA Community Edition 2021.2.2\bin;D:\PyCharm\PyCharm Community Edition 2020.3.2\bin;D:\Microsoft VS Code\bin;D:\Android\Sdk\platform-tools
USERNAME=Andrew
DISPLAY=:0.0
LC_ALL=en_US.UTF-8
OS=Windows_NT
PROCESSOR_IDENTIFIER=Intel64 Family 6 Model 142 Stepping 11, GenuineIntel



---------------  S Y S T E M  ---------------

OS: Windows 10 , 64 bit Build 17763 (10.0.17763.475)
OS uptime: 0 days 3:57 hours

CPU:total 8 (initial active 8) (4 cores per cpu, 2 threads per core) family 6 model 142 stepping 11 microcode 0xa4, cmov, cx8, fxsr, mmx, sse, sse2, sse3, ssse3, sse4.1, sse4.2, popcnt, avx, avx2, aes, clmul, erms, 3dnowpref, lzcnt, ht, tsc, tscinvbit, bmi1, bmi2, adx, fma

Memory: 4k page, system-wide physical 8037M (1108M free)
TotalPageFile size 11162M (AvailPageFile size 77M)
current process WorkingSet (physical memory assigned to process): 9M, peak: 9M
current process commit charge ("private bytes"): 60M, peak: 186M

vm_info: OpenJDK 64-Bit Server VM (11.0.10+0-b96-7249189) for windows-amd64 JRE (11.0.10+0-b96-7249189), built on Mar 31 2021 21:44:00 by "builder" with MS VC++ 14.0 (VS2015)

END.
