#
# There is insufficient memory for the Java Runtime Environment to continue.
# Native memory allocation (mmap) failed to map 132120576 bytes for Failed to commit area from 0x0000000082600000 to 0x000000008a400000 of length 132120576.
# Possible reasons:
#   The system is out of physical RAM or swap space
#   The process is running with CompressedOops enabled, and the Java Heap may be blocking the growth of the native heap
# Possible solutions:
#   Reduce memory load on the system
#   Increase physical memory or swap space
#   Check if swap backing store is full
#   Decrease Java heap size (-Xmx/-Xms)
#   Decrease number of Java threads
#   Decrease Java thread stack sizes (-Xss)
#   Set larger code cache with -XX:ReservedCodeCacheSize=
# This output file may be truncated or incomplete.
#
#  Out of Memory Error (./src/hotspot/os/windows/os_windows.cpp:3301), pid=6124, tid=12812
#
# JRE version:  (11.0.10) (build )
# Java VM: OpenJDK 64-Bit Server VM (11.0.10+0-b96-7249189, mixed mode, sharing, tiered, compressed oops, g1 gc, windows-amd64)
# No core dump will be written. Minidumps are not enabled by default on client versions of Windows
#

---------------  S U M M A R Y ------------

Command Line: org.jetbrains.git4idea.http.GitAskPassApp Username for 'https://github.com': 

Host: Intel(R) Core(TM) i5-8265U CPU @ 1.60GHz, 8 cores, 7G,  Windows 10 , 64 bit Build 17763 (10.0.17763.475)
Time: Tue Mar  1 21:49:11 2022 RTZ 2 (ceia) elapsed time: 0.009089 seconds (0d 0h 0m 0s)

---------------  T H R E A D  ---------------

Current thread (0x000002082dac9800):  JavaThread "Unknown thread" [_thread_in_vm, id=12812, stack(0x000000c52bb00000,0x000000c52bc00000)]

Stack: [0x000000c52bb00000,0x000000c52bc00000]
Native frames: (J=compiled Java code, j=interpreted, Vv=VM code, C=native code)
V  [jvm.dll+0x5ecfaa]
V  [jvm.dll+0x722bd5]
V  [jvm.dll+0x72412d]
V  [jvm.dll+0x7247e3]
V  [jvm.dll+0x242928]
V  [jvm.dll+0x5ea374]
V  [jvm.dll+0x5df425]
V  [jvm.dll+0x2fdebb]
V  [jvm.dll+0x2fde2a]
V  [jvm.dll+0x2fdd02]
V  [jvm.dll+0x302bf6]
V  [jvm.dll+0x34b2a3]
V  [jvm.dll+0x34b9a6]
V  [jvm.dll+0x34b3a3]
V  [jvm.dll+0x2d8888]
V  [jvm.dll+0x2d9a37]
V  [jvm.dll+0x701737]
V  [jvm.dll+0x702f2c]
V  [jvm.dll+0x3587d9]
V  [jvm.dll+0x6e4fae]
V  [jvm.dll+0x3c0be3]
V  [jvm.dll+0x3c2e91]
C  [jli.dll+0x5373]
C  [ucrtbase.dll+0x21ffa]
C  [KERNEL32.DLL+0x17974]
C  [ntdll.dll+0x6a271]


---------------  P R O C E S S  ---------------

Threads class SMR info:
_java_thread_list=0x000002082d9c3730, length=0, elements={
}

Java Threads: ( => current thread )

Other Threads:
  0x000002082dae1800 GCTaskThread "GC Thread#0" [stack: 0x000000c52bc00000,0x000000c52bd00000] [id=1496]
  0x000002082db16000 ConcurrentGCThread "G1 Main Marker" [stack: 0x000000c52bd00000,0x000000c52be00000] [id=2640]
  0x000002082db17800 ConcurrentGCThread "G1 Conc#0" [stack: 0x000000c52be00000,0x000000c52bf00000] [id=7324]

[error occurred during error reporting (printing all threads), id 0xc0000005, EXCEPTION_ACCESS_VIOLATION (0xc0000005) at pc=0x00007ffddccd9107]

VM state:not at safepoint (not fully initialized)

VM Mutex/Monitor currently owned by a thread:  ([mutex/lock_event])
[0x000002082dac7bb0] Heap_lock - owner thread: 0x000002082dac9800

Heap address: 0x0000000082600000, size: 2010 MB, Compressed Oops mode: Non-zero based: 0x0000000082600000
Narrow klass base: 0x0000000000000000, Narrow klass shift: 0

GC Heap History (0 events):
No events

Deoptimization events (0 events):
No events

Classes redefined (0 events):
No events

Internal exceptions (0 events):
No events

Events (1 events):
Event: 0.005 Loaded shared library D:\Android\Studio\jre\bin\zip.dll


Dynamic libraries:
0x00007ff6bf500000 - 0x00007ff6bf50a000 	D:\Android\Studio\jre\bin\java.exe
0x00007ffe2ad80000 - 0x00007ffe2af6d000 	C:\Windows\SYSTEM32\ntdll.dll
0x00007ffe28a10000 - 0x00007ffe28ac3000 	C:\Windows\System32\KERNEL32.DLL
0x00007ffe27a30000 - 0x00007ffe27cc3000 	C:\Windows\System32\KERNELBASE.dll
0x00007ffe271e0000 - 0x00007ffe272da000 	C:\Windows\System32\ucrtbase.dll
0x00007ffe168f0000 - 0x00007ffe16907000 	D:\Android\Studio\jre\bin\VCRUNTIME140.dll
0x00007ffe16e70000 - 0x00007ffe16e89000 	D:\Android\Studio\jre\bin\jli.dll
0x00007ffe2a180000 - 0x00007ffe2a317000 	C:\Windows\System32\USER32.dll
0x00007ffe10af0000 - 0x00007ffe10d69000 	C:\Windows\WinSxS\amd64_microsoft.windows.common-controls_6595b64144ccf1df_6.0.17763.615_none_05b4414a072024d4\COMCTL32.dll
0x00007ffe271c0000 - 0x00007ffe271e0000 	C:\Windows\System32\win32u.dll
0x00007ffe28680000 - 0x00007ffe286a9000 	C:\Windows\System32\GDI32.dll
0x00007ffe285e0000 - 0x00007ffe2867e000 	C:\Windows\System32\msvcrt.dll
0x00007ffe27de0000 - 0x00007ffe27f79000 	C:\Windows\System32\gdi32full.dll
0x00007ffe2a970000 - 0x00007ffe2ac9c000 	C:\Windows\System32\combase.dll
0x00007ffe27120000 - 0x00007ffe271c0000 	C:\Windows\System32\msvcp_win.dll
0x00007ffe2a450000 - 0x00007ffe2a572000 	C:\Windows\System32\RPCRT4.dll
0x00007ffe26e70000 - 0x00007ffe26eee000 	C:\Windows\System32\bcryptPrimitives.dll
0x00007ffe28130000 - 0x00007ffe2815e000 	C:\Windows\System32\IMM32.DLL
0x00007ffddfb50000 - 0x00007ffddfbed000 	D:\Android\Studio\jre\bin\msvcp140.dll
0x00007ffddc9f0000 - 0x00007ffddd4bf000 	D:\Android\Studio\jre\bin\server\jvm.dll
0x00007ffe2a730000 - 0x00007ffe2a7d3000 	C:\Windows\System32\ADVAPI32.dll
0x00007ffe27f80000 - 0x00007ffe2801e000 	C:\Windows\System32\sechost.dll
0x00007ffe287c0000 - 0x00007ffe287c8000 	C:\Windows\System32\PSAPI.DLL
0x00007ffe1e5e0000 - 0x00007ffe1e5e9000 	C:\Windows\SYSTEM32\WSOCK32.dll
0x00007ffe1dcd0000 - 0x00007ffe1dcf4000 	C:\Windows\SYSTEM32\WINMM.dll
0x00007ffe22110000 - 0x00007ffe2211a000 	C:\Windows\SYSTEM32\VERSION.dll
0x00007ffe28980000 - 0x00007ffe289ed000 	C:\Windows\System32\WS2_32.dll
0x00007ffe1dc70000 - 0x00007ffe1dc9d000 	C:\Windows\SYSTEM32\WINMMBASE.dll
0x00007ffe270d0000 - 0x00007ffe2711a000 	C:\Windows\System32\cfgmgr32.dll
0x00007ffe26da0000 - 0x00007ffe26db1000 	C:\Windows\System32\kernel.appcore.dll
0x00007ffe238d0000 - 0x00007ffe238e1000 	D:\Android\Studio\jre\bin\verify.dll
0x00007ffe0ef10000 - 0x00007ffe0f0fd000 	C:\Windows\SYSTEM32\DBGHELP.DLL
0x00007ffe0eca0000 - 0x00007ffe0ecca000 	C:\Windows\SYSTEM32\dbgcore.DLL
0x00007ffe17620000 - 0x00007ffe17649000 	D:\Android\Studio\jre\bin\java.dll
0x00007ffe23870000 - 0x00007ffe2387b000 	D:\Android\Studio\jre\bin\jimage.dll
0x00007ffe227a0000 - 0x00007ffe227b8000 	D:\Android\Studio\jre\bin\zip.dll

dbghelp: loaded successfully - version: 4.0.5 - missing functions: none
symbol engine: initialized successfully - sym options: 0x614 - pdb path: .;D:\Android\Studio\jre\bin;C:\Windows\SYSTEM32;C:\Windows\WinSxS\amd64_microsoft.windows.common-controls_6595b64144ccf1df_6.0.17763.615_none_05b4414a072024d4;D:\Android\Studio\jre\bin\server

VM Arguments:
java_command: org.jetbrains.git4idea.http.GitAskPassApp Username for 'https://github.com': 
java_class_path (initial): D:/Android/Studio/plugins/git4idea/lib/git4idea-rt.jar;D:/Android/Studio/lib/xmlrpc-2.0.1.jar;D:/Android/Studio/lib/commons-codec-1.14.jar
Launcher Type: SUN_STANDARD

[Global flags]
     intx CICompilerCount                          = 4                                         {product} {ergonomic}
     uint ConcGCThreads                            = 2                                         {product} {ergonomic}
     uint G1ConcRefinementThreads                  = 8                                         {product} {ergonomic}
   size_t G1HeapRegionSize                         = 1048576                                   {product} {ergonomic}
    uintx GCDrainStackTargetSize                   = 64                                        {product} {ergonomic}
   size_t InitialHeapSize                          = 132120576                                 {product} {ergonomic}
   size_t MarkStackSize                            = 4194304                                   {product} {ergonomic}
   size_t MaxHeapSize                              = 2107637760                                {product} {ergonomic}
   size_t MinHeapDeltaBytes                        = 1048576                                   {product} {ergonomic}
    uintx NonNMethodCodeHeapSize                   = 5836300                                {pd product} {ergonomic}
    uintx NonProfiledCodeHeapSize                  = 122910970                              {pd product} {ergonomic}
    uintx ProfiledCodeHeapSize                     = 122910970                              {pd product} {ergonomic}
    uintx ReservedCodeCacheSize                    = 251658240                              {pd product} {ergonomic}
     bool SegmentedCodeCache                       = true                                      {product} {ergonomic}
     bool UseCompressedClassPointers               = true                                 {lp64_product} {ergonomic}
     bool UseCompressedOops                        = true                                 {lp64_product} {ergonomic}
     bool UseG1GC                                  = true                                      {product} {ergonomic}
     bool UseLargePagesIndividualAllocation        = false                                  {pd product} {ergonomic}

Logging:
Log output configuration:
 #0: stdout all=warning uptime,level,tags
 #1: stderr all=off uptime,level,tags

Environment Variables:
PATH=D:\Git\mingw64\libexec\git-core;D:\Git\mingw64\libexec\git-core;D:\Git\mingw64\bin;D:\Git\usr\bin;C:\Users\79527\bin;C:\ProgramData\Oracle\Java\javapath;C:\Program Files\AdoptOpenJDK\jdk-11.0.8.10-hotspot\bin;C:\Windows\system32;C:\Windows;C:\Windows\System32\Wbem;C:\Windows\System32\WindowsPowerShell\v1.0;C:\Windows\System32\OpenSSH;C:\Program Files\Intel\WiFi\bin;C:\Program Files\Common Files\Intel\WirelessCommon;C:\Program Files\Java\jdk1.8.0_221\bin;D:\TDM-GCC-64\bin;D:\Spark\bin;D:\Git\cmd;C:\Programs\cmder;C:\Users\79527\AppData\Local\Programs\Python\Python39\Scripts;C:\Users\79527\AppData\Local\Programs\Python\Python39;C:\Program Files\mingw-w64\x86_64-8.1.0-win32-seh-rt_v6-rev0\mingw64\bin;D:\IntelliJ IDEA Community Edition 2021.2.2\bin;D:\PyCharm\PyCharm Community Edition 2020.3.2\bin;D:\Microsoft VS Code\bin;D:\Android\Sdk\platform-tools
USERNAME=Andrew
DISPLAY=:0.0
LC_ALL=en_US.UTF-8
OS=Windows_NT
PROCESSOR_IDENTIFIER=Intel64 Family 6 Model 142 Stepping 11, GenuineIntel



---------------  S Y S T E M  ---------------

OS: Windows 10 , 64 bit Build 17763 (10.0.17763.475)
OS uptime: 0 days 3:28 hours

CPU:total 8 (initial active 8) (4 cores per cpu, 2 threads per core) family 6 model 142 stepping 11 microcode 0xa4, cmov, cx8, fxsr, mmx, sse, sse2, sse3, ssse3, sse4.1, sse4.2, popcnt, avx, avx2, aes, clmul, erms, 3dnowpref, lzcnt, ht, tsc, tscinvbit, bmi1, bmi2, adx, fma

Memory: 4k page, system-wide physical 8037M (1086M free)
TotalPageFile size 10697M (AvailPageFile size 46M)
current process WorkingSet (physical memory assigned to process): 9M, peak: 9M
current process commit charge ("private bytes"): 60M, peak: 186M

vm_info: OpenJDK 64-Bit Server VM (11.0.10+0-b96-7249189) for windows-amd64 JRE (11.0.10+0-b96-7249189), built on Mar 31 2021 21:44:00 by "builder" with MS VC++ 14.0 (VS2015)

END.
